<?xml version="1.0" encoding="UTF-8"?>
<testsuite xmlns:xsi="http://www.w3.org/2001/XMLSchema-instance" xsi:noNamespaceSchemaLocation="https://maven.apache.org/surefire/maven-surefire-plugin/xsd/surefire-test-report.xsd" name="tests.smartphones.SmartphonesProductPageTest" time="24.806" tests="1" errors="0" skipped="0" failures="0">
  <properties>
[...]
</properties>
  <testcase name="selectedProduct_Is_SamsungGalaxyNote20Ultra256GBWhite" classname="tests.smartphones.SmartphonesProductPageTest" time="23.588"/>
</testsuite>