<?xml version="1.0" encoding="UTF-8"?>
<testsuite xmlns:xsi="http://www.w3.org/2001/XMLSchema-instance" xsi:noNamespaceSchemaLocation="https://maven.apache.org/surefire/maven-surefire-plugin/xsd/surefire-test-report.xsd" name="rickandmortyapi.RickAndMortyRestApiTest" time="8.318" tests="6" errors="0" skipped="0" failures="1">
  <properties>
[...]
</properties>
  <testcase name="getCharacterByNameAndCheckStatus{String, String}[1]" classname="rickandmortyapi.RickAndMortyRestApiTest" time="7.083"/>
  <testcase name="getTemperatureByCityName{String}[1]" classname="openweatherapi.OpenWeatherApiTest" time="0.205"/>
  <testcase name="getCharacterByNameAndCheckName{String, String}[2]" classname="rickandmortyapi.RickAndMortyRestApiTest" time="0.229"/>
  <testcase name="getCharacterByNameAndCheckStatus{String, String}[2]" classname="rickandmortyapi.RickAndMortyRestApiTest" time="0.534"/>
  <testcase name="getBerryByNameAndCheckName{String, String}[2]" classname="pokeapi.PokeApiTest" time="0.001">
    <failure message="1 expectation failed.&#10;JSON path name doesn&apos;t match.&#10;Expected: is &quot;chesto110&quot;&#10;  Actual: chesto&#10;" type="java.lang.AssertionError">java.lang.AssertionError: 
1 expectation failed.
JSON path name doesn't match.
Expected: is "chesto110"
  Actual: chesto

	at pokeapi.PokeApiTest.getBerryByNameAndCheckName(PokeApiTest.java:29)
</failure>
    <system-out><![CDATA[Request URI:	https://api.openweathermap.org/data/2.5/weather?lat=1000&lon=1000&appid=f67ddf38159a94a1f1247b7c8c7cdf00
Request URI:	https://rickandmortyapi.com/api/character/?name=Rick%20Sanchez
Request URI:	https://api.openweathermap.org/data/2.5/weather?lat=48.708048&lon=44.513303&appid=f67ddf38159a94a1f1247b7c8c7cdf00
]]></system-out>
  </testcase>
  <testcase name="getCharacterByNameAndCheckName{String, String}[1]" classname="rickandmortyapi.RickAndMortyRestApiTest" time="0.463"/>
</testsuite>