<?xml version="1.0" encoding="UTF-8" standalone="no"?>
<testsuite errors="0" failures="0" name="io.cucumber.core.plugin.JUnitFormatter" skipped="0" tests="1" time="44.882">
    <testcase classname="Смартфоны" name="Таблица с тремя колонками" time="44.407">
        <system-out><![CDATA[Дано Открыта страница "Стартовая страница сайта DNS"........................passed
Когда Выполнен переход на страницу "Смартфоны"..............................passed
И Открыта страница "Смартфоны"..............................................passed
И Установлена сортировка и фильтры из таблицы с тремя колонками.............passed
И Применены фильтры.........................................................passed
И Выполнен переход на страницу первого продукта в списке....................passed
И Открыта страница "Продукт. Смартфон"......................................passed
Тогда Проверка: Заголовок страницы "Продукт. Смартфон" содержит текст "Samsung".passed
]]></system-out>
    </testcase>
</testsuite>
